00|2021-04-26T14:12:30.0000000-04:00|0839||You change to warrior.|d8c450105ea12854e26eb687579564df
01|2021-04-26T14:13:17.9930000-04:00|326|Kugane Ohashi|b9f401c0aa0b8bc454b239b201abc1b8
02|2021-04-26T14:11:31.0200000-04:00|10FF0001|Tini Poutini|5b0a5800460045f29db38676e0c3f79a
03|2021-06-16T20:46:38.5450000-07:00|10FF0001|Tini Poutini|24|46|0000|28|Jenova|0|0|30460|30460|10000|10000|0|0|-0.76|15.896|0|-3.141593|c0e6f1c201e7285884fb6bf107c533ee
04|2021-07-23T23:01:27.5480000-07:00|10FF0001|Tini Poutini|05|1E|0000|35|Jenova|0|0|816|816|10000|10000|0|0|-66.24337|-292.0904|20.06466|1.789943|4fbfc851937873eacf94f1f69e0e2ba9
11|2021-06-16T20:46:38.5450000-07:00|8|10FF0002|10FF0003|10FF0004|10FF0001|10FF0005|10FF0006|10FF0007|10FF0008|
12|2021-04-26T14:30:07.4910000-04:00|21|5456|326|6259|135|186|340|5456|380|3863|135|186|2628|1530|380|0|1260|4000174AE14AB6|3c03ce9ee4afccfaae74695376047054
20|2021-07-27T12:47:23.1740000-04:00|40024FC4|The Manipulator|F63|Carnage|40024FC4|The Manipulator|4.70|-0.01531982|-13.86256|10.59466|-4.792213E-05|488abf3044202807c62fa32c2e36ee81
21|2021-07-27T12:48:22.4630000-04:00|40024FD1|Steam Bit|F67|Aetherochemical Laser|10FF0001|Tini Poutini|750003|4620000|1B|F678000|0|0|0|0|0|0|0|0|0|0|0|0|36022|36022|5200|10000|0|1000|1.846313|-12.31409|10.60608|-2.264526|16000|16000|8840|10000|0|1000|-9.079163|-14.02307|18.7095|1.416605|0000DE1F|0|5d60825d70bb46d7fcc8fc0339849e8e
23|2021-07-27T13:04:38.7790000-04:00|10FF0002|Potato Chippy|408D|Veraero II|Cancelled|dbce3801c08020cb8ae7da9102034131
26|2021-04-26T14:36:09.4340000-04:00|35|Physical Damage Up|15.00|400009D5|Dark General|400009D5|Dark General|00|48865|48865|cbcfac4df1554b8f59f343f017ebd793
27|2021-04-26T14:17:31.6980000-04:00|10FF0001|Tini Poutini|0000|A9B9|0057|0000|0000|0000|4fb326d8899ffbd4cbfeb29bbc3080f8
28|2021-04-26T19:04:39.1920000-04:00|Delete|7|10FF0001|Tini Poutini|0|0|0|b714a8b5b34ea60f8bf9f480508dc427
01|2021-04-26T14:13:17.9930000-04:00|326|Kugane Ohashi|b9f401c0aa0b8bc454b239b201abc1b8
29|2021-06-10T20:15:15.1000000-04:00|Delete|0|10FF0001|Tini Poutini|4000641D||50460af5ff3f8ec9ad03e6953d3d1ba9
30|2021-04-26T14:38:09.6990000-04:00|13A|Inferno|0.00|400009FF|Ifrit-Egi|400009FD|Scylla|00|941742|4933|19164478551c91375dc13d0998365130
31|2019-11-27T23:22:40.6960000-05:00|10FF0001|FA753019|FD37|E9A55201|7F47|f17ea56b26ff020d1c0580207f6f4673
33|2021-04-26T17:23:28.6780000-04:00|80034E6C|40000010|B5D|00|00|00|f777621829447c53c82c9a24aa25348f
34|2021-04-26T14:19:48.0400000-04:00|4001C51C|Dragon's Head|4001C51C|Dragon's Head|00|a7248aab1da528bf94faf2f4b1728fc3
35|2021-04-26T17:27:07.0310000-04:00|40003202|Articulated Bit|10FF0001|Tini Poutini|0000|0000|0001|10029769|000F|0000|ad71d456437e6792f68b19dbef9507d5
36|2021-04-26T14:20:09.6880000-04:00|6A90|3|88ce578cb8f05d74feb3a7fa155bedc5
38|2021-04-26T14:13:44.5020000-04:00|10FF0002|Potato Chippy|46504621|52418|52418|10000|10000|32|0|99.93127|113.8475|-1.862645E-09|3.141593|200F|20|0|0A016D|41F00000|E0000000|1E016C|41F00000|E0000000|0345|41E8D4FC|10FF0001|0347|80000000|10FF0002|d57fd29c6c4856c091557968667da39d
39|2021-04-26T14:12:38.5160000-04:00|10FF0001|Tini Poutini|178669|191948|10000|10000|0|0|-648.3234|-804.5252|8.570148|1.010669|7ebe348673aa2a11e4036274becabc81
40|2021-07-30T19:43:08.6270000-07:00|578|Norvrandt|The Copied Factory|Upper Stratum|ee5b5fc06ab4610ef6b4f030fc95c90c
41|2021-11-21T10:38:40.0660000-08:00|00|901|619A9200|00|3C|c6fcd8a8b198a5da28b9cfe6a3f544f4
42|2022-06-06T21:57:14.8920000+08:00|10FF0001|Tini Poutini|0A0168|41F00000|E0000000|14016A|41F00000|E0000000|29310030|44835452|10FF0001|4361fffcb50708dd
01|2021-04-26T14:13:17.9930000-04:00|326|Kugane Ohashi|b9f401c0aa0b8bc454b239b201abc1b8









